<?xml version="1.0" encoding="UTF-8"?>
<!-- Generated by org.testng.reporters.JUnitReportReporter -->
<testsuite hostname="DESKTOP-N0G99IA" failures="0" tests="4" name="test_cases.Verify_that_user_can_add_new_patient_details" time="21.084" errors="0" timestamp="2023-11-02T13:18:09 IST" skipped="0">
  <testcase classname="test_cases.Verify_that_user_can_add_new_patient_details" name="verifyLogin" time="0.658"/>
  <testcase classname="test_cases.Verify_that_user_can_add_new_patient_details" name="userCanAddPatient" time="4.082"/>
  <testcase classname="test_cases.Verify_that_user_can_add_new_patient_details" name="test" time="15.953"/>
  <testcase classname="test_cases.Verify_that_user_can_add_new_patient_details" name="logout" time="0.391"/>
</testsuite> <!-- test_cases.Verify_that_user_can_add_new_patient_details -->
